<?xml version="1.0" encoding="UTF-8"?>
<testng-results skipped="0" failed="0" ignored="0" total="1" passed="1">
  <reporter-output>
  </reporter-output>
  <suite name="Default suite" duration-ms="3178" started-at="2022-01-30T12:07:31 CST" finished-at="2022-01-30T12:07:34 CST">
    <groups>
    </groups>
    <test name="Default test" duration-ms="3178" started-at="2022-01-30T12:07:31 CST" finished-at="2022-01-30T12:07:34 CST">
      <class name="TestNG_Test_3.TestNG_Project_Three">
        <test-method status="PASS" signature="init()[pri:0, instance:TestNG_Test_3.TestNG_Project_Three@687080dc]" name="init" duration-ms="3133" started-at="2022-01-30T12:07:31 CST" finished-at="2022-01-30T12:07:34 CST">
          <reporter-output>
          </reporter-output>
        </test-method> <!-- init -->
      </class> <!-- TestNG_Test_3.TestNG_Project_Three -->
    </test> <!-- Default test -->
  </suite> <!-- Default suite -->
</testng-results>
